28
0 86 111 85 110 50.0023 68.7758 50.1222 69.9996 -0.00349066 634 179.828 0.407439 5.66843 27.3202 105 2.84 0 1  
0 185 85 185 85 49.5696 70.5547 50.1222 69.9996 -0.00349066 652 178.45 2.50363 6.29313 27.4353 65 2.68615 1 1  
0 185 212 183 212 51.8701 70.544 50.1222 69.9996 -0.00349066 667 179.564 179.126 6.19902 26.515 193 2.86425 2 1  
0 84 224 85 224 53.6768 68.5597 51.4431 69.9787 -0.00592983 718 178.142 5.43743 7.19017 16.5964 194 3.27474 3 1  
0 182 223 183 223 54.457 70.6408 52.0586 69.9525 -0.0030409 705 179.223 179.748 7.10174 16.6254 211 3.52417 4 1  
0 185 222 184 222 56.8143 70.5699 54.5809 69.9462 -0.0207173 696 179.305 179.186 6.69285 18.5975 217 3.31475 5 1  
0 87 222 87 222 57.2989 68.4831 55.1035 69.9479 -0.0272734 729 179.012 3.35245 6.77191 18.5088 225 3.32889 6 1  
0 189 222 187 222 59.2422 70.5769 56.9243 69.8845 -0.029568 688 0.653368 176.279 6.64998 17.8218 211 3.41564 7 1  
0 90 221 90 221 60.9084 68.5039 58.7766 69.822 -0.0119462 619 178.947 2.8378 6.23441 19.6183 283 3.23392 8 1  
0 189 221 187 220 61.5761 70.5289 59.442 69.8145 0.00184186 677 0.808019 178.105 6.16975 19.7009 277 3.22671 9 1  
0 188 222 189 222 64.0813 70.6054 61.8029 69.8233 -0.00256543 674 0.0448249 177.975 6.526 18.3351 219 3.40502 10 1  
0 88 222 88 223 64.5833 68.4184 62.2751 69.8391 -0.00298674 702 178.308 4.95951 6.98682 17.3871 229 3.41878 11 1  
0 192 218 189 218 66.4068 70.5305 64.3157 69.8384 -0.0258196 702 179.987 176.523 5.50723 21.055 197 3.20051 12 1  
0 4 46 4 46 64.0754 66.4692 65.7361 69.7973 -0.0138016 563 173.966 2.57974 5.34295 26.1844 41 3.52439 13 1  
0 89 223 86 223 68.1178 68.3116 65.8678 69.7833 -0.0148118 774 178.954 5.87115 7.33198 16.9997 219 3.35571 14 1  
0 190 221 186 221 68.8334 70.4684 66.5783 69.7464 -0.000108197 655 0.400209 178.267 6.35291 18.4225 203 3.39113 15 1  
0 186 221 185 221 71.2406 70.3932 68.9851 69.6692 0.010615 704 0.560851 179.389 6.34416 19.2036 207 3.40097 16 1  
0 83 225 83 225 71.8055 68.1098 69.3216 69.6611 0.0105152 882 179.028 15.3804 8.73482 15.0876 223 3.56278 17 1  
0 188 221 186 221 73.6369 70.3424 71.4723 69.6584 -0.0014481 671 179.885 177.879 6.39142 19.6398 195 3.25436 18 1  
0 187 220 187 220 76.2583 70.3598 74.0166 69.594 0.00520987 661 0.455293 178.116 5.94477 19.47 211 3.40569 19 1  
0 193 220 190 220 78.6402 70.309 76.5167 69.572 -0.0138765 624 1.41301 176.222 5.80045 20.6958 199 3.19899 20 1  
0 91 220 90 220 80.8262 68.2306 78.6264 69.5363 0.0120292 718 179.435 3.16697 5.93312 20.1409 205 3.32488 21 1  
0 190 221 188 221 81.0722 70.3028 78.8886 69.536 0.00856052 659 0.478265 177.212 6.27544 19.7935 217 3.30369 22 1  
0 182 222 179 223 83.4971 70.2899 81.2741 69.5388 0.0826208 709 0.0149141 2.80883 6.79237 17.4212 215 3.36977 23 1  
0 65 223 63 223 84.5398 68.1613 81.951 69.6165 0.188118 726 178.626 17.8898 7.48416 16.6004 227 3.34934 24 1  
0 141 221 138 221 85.8998 70.1998 83.6508 70.01 0.221693 765 0.336423 12.7168 6.1291 19.2325 215 3.37163 25 1  
0 57 223 56 223 88.2888 68.0267 85.9434 70.1381 0.00707043 769 177.626 10.299 11.2733 16.9972 175 3.444 26 1  
0 155 220 154 220 88.3582 70.1712 86.1256 70.1434 0.00116419 686 0.771023 178.923 5.76272 19.6512 165 3.38 28 1  
